332  [main] INFO  o.s.t.c.s.DefaultTestContextBootstrapper - Loaded default TestExecutionListener class names from location [META-INF/spring.factories]: [org.springframework.test.context.web.ServletTestExecutionListener, org.springframework.test.context.support.DirtiesContextBeforeModesTestExecutionListener, org.springframework.test.context.support.DependencyInjectionTestExecutionListener, org.springframework.test.context.support.DirtiesContextTestExecutionListener, org.springframework.test.context.transaction.TransactionalTestExecutionListener, org.springframework.test.context.jdbc.SqlScriptsTestExecutionListener]
349  [main] INFO  o.s.t.c.s.DefaultTestContextBootstrapper - Using TestExecutionListeners: [org.springframework.test.context.web.ServletTestExecutionListener@eafc191, org.springframework.test.context.support.DirtiesContextBeforeModesTestExecutionListener@612fc6eb, org.springframework.test.context.support.DependencyInjectionTestExecutionListener@1060b431, org.springframework.test.context.support.DirtiesContextTestExecutionListener@612679d6, org.springframework.test.context.transaction.TransactionalTestExecutionListener@11758f2a, org.springframework.test.context.jdbc.SqlScriptsTestExecutionListener@e720b71]
442  [main] INFO  o.s.b.f.xml.XmlBeanDefinitionReader - Loading XML bean definitions from URL [file:src/main/webapp/WEB-INF/spring/datasource.xml]
574  [main] INFO  o.s.b.f.xml.XmlBeanDefinitionReader - Loading XML bean definitions from URL [file:src/main/webapp/WEB-INF/spring/root-context.xml]
721  [main] INFO  o.s.c.s.GenericApplicationContext - Refreshing org.springframework.context.support.GenericApplicationContext@17211155: startup date [Thu Feb 28 23:16:16 KST 2019]; root of context hierarchy
1029 [main] INFO  o.s.j.d.DriverManagerDataSource - Loaded JDBC driver: com.mysql.cj.jdbc.Driver
1164 [main] DEBUG o.apache.ibatis.logging.LogFactory - Logging initialized using 'class org.apache.ibatis.logging.slf4j.Slf4jImpl' adapter.
1274 [main] DEBUG o.m.spring.SqlSessionFactoryBean - Parsed configuration file: 'class path resource [mybatis-config.xml]'
1275 [main] DEBUG o.m.spring.SqlSessionFactoryBean - Property 'mapperLocations' was not specified or no matching resources found
1552 [main] DEBUG org.mybatis.spring.SqlSessionUtils - Creating a new SqlSession
1557 [main] DEBUG org.mybatis.spring.SqlSessionUtils - SqlSession [org.apache.ibatis.session.defaults.DefaultSqlSession@1a760689] was not registered for synchronization because synchronization is not active
1558 [main] DEBUG org.mybatis.spring.SqlSessionUtils - Closing non transactional SqlSession [org.apache.ibatis.session.defaults.DefaultSqlSession@1a760689]
1596 [Thread-1] INFO  o.s.c.s.GenericApplicationContext - Closing org.springframework.context.support.GenericApplicationContext@17211155: startup date [Thu Feb 28 23:16:16 KST 2019]; root of context hierarchy
334  [main] INFO  o.s.t.c.s.DefaultTestContextBootstrapper - Loaded default TestExecutionListener class names from location [META-INF/spring.factories]: [org.springframework.test.context.web.ServletTestExecutionListener, org.springframework.test.context.support.DirtiesContextBeforeModesTestExecutionListener, org.springframework.test.context.support.DependencyInjectionTestExecutionListener, org.springframework.test.context.support.DirtiesContextTestExecutionListener, org.springframework.test.context.transaction.TransactionalTestExecutionListener, org.springframework.test.context.jdbc.SqlScriptsTestExecutionListener]
352  [main] INFO  o.s.t.c.s.DefaultTestContextBootstrapper - Using TestExecutionListeners: [org.springframework.test.context.web.ServletTestExecutionListener@eafc191, org.springframework.test.context.support.DirtiesContextBeforeModesTestExecutionListener@612fc6eb, org.springframework.test.context.support.DependencyInjectionTestExecutionListener@1060b431, org.springframework.test.context.support.DirtiesContextTestExecutionListener@612679d6, org.springframework.test.context.transaction.TransactionalTestExecutionListener@11758f2a, org.springframework.test.context.jdbc.SqlScriptsTestExecutionListener@e720b71]
423  [main] INFO  o.s.b.f.xml.XmlBeanDefinitionReader - Loading XML bean definitions from URL [file:src/main/webapp/WEB-INF/spring/datasource.xml]
540  [main] INFO  o.s.b.f.xml.XmlBeanDefinitionReader - Loading XML bean definitions from URL [file:src/main/webapp/WEB-INF/spring/root-context.xml]
663  [main] INFO  o.s.c.s.GenericApplicationContext - Refreshing org.springframework.context.support.GenericApplicationContext@17211155: startup date [Thu Feb 28 23:19:23 KST 2019]; root of context hierarchy
930  [main] INFO  o.s.j.d.DriverManagerDataSource - Loaded JDBC driver: com.mysql.cj.jdbc.Driver
1071 [main] DEBUG o.apache.ibatis.logging.LogFactory - Logging initialized using 'class org.apache.ibatis.logging.slf4j.Slf4jImpl' adapter.
1164 [main] DEBUG o.m.spring.SqlSessionFactoryBean - Parsed configuration file: 'class path resource [mybatis-config.xml]'
1227 [main] DEBUG o.m.spring.SqlSessionFactoryBean - Parsed mapper file: 'class path resource [mappers/article-mapper.xml]'
1558 [main] DEBUG org.mybatis.spring.SqlSessionUtils - Creating a new SqlSession
1563 [main] DEBUG org.mybatis.spring.SqlSessionUtils - SqlSession [org.apache.ibatis.session.defaults.DefaultSqlSession@66746f57] was not registered for synchronization because synchronization is not active
2098 [main] DEBUG o.m.s.t.SpringManagedTransaction - JDBC Connection [com.mysql.cj.jdbc.ConnectionImpl@d78795] will not be managed by Spring
2102 [main] DEBUG m.article-mapper.selectArticleById - ==>  Preparing: select article_id as articleId, author, title, content from article where article_id = ? 
2127 [main] DEBUG m.article-mapper.selectArticleById - ==> Parameters: 2(String)
2179 [main] DEBUG m.article-mapper.selectArticleById - <==      Total: 1
2181 [main] DEBUG org.mybatis.spring.SqlSessionUtils - Closing non transactional SqlSession [org.apache.ibatis.session.defaults.DefaultSqlSession@66746f57]
2187 [Thread-1] INFO  o.s.c.s.GenericApplicationContext - Closing org.springframework.context.support.GenericApplicationContext@17211155: startup date [Thu Feb 28 23:19:23 KST 2019]; root of context hierarchy
301  [main] INFO  o.s.t.c.s.DefaultTestContextBootstrapper - Loaded default TestExecutionListener class names from location [META-INF/spring.factories]: [org.springframework.test.context.web.ServletTestExecutionListener, org.springframework.test.context.support.DirtiesContextBeforeModesTestExecutionListener, org.springframework.test.context.support.DependencyInjectionTestExecutionListener, org.springframework.test.context.support.DirtiesContextTestExecutionListener, org.springframework.test.context.transaction.TransactionalTestExecutionListener, org.springframework.test.context.jdbc.SqlScriptsTestExecutionListener]
321  [main] INFO  o.s.t.c.s.DefaultTestContextBootstrapper - Using TestExecutionListeners: [org.springframework.test.context.web.ServletTestExecutionListener@612679d6, org.springframework.test.context.support.DirtiesContextBeforeModesTestExecutionListener@11758f2a, org.springframework.test.context.support.DependencyInjectionTestExecutionListener@e720b71, org.springframework.test.context.support.DirtiesContextTestExecutionListener@1b26f7b2, org.springframework.test.context.transaction.TransactionalTestExecutionListener@491cc5c9, org.springframework.test.context.jdbc.SqlScriptsTestExecutionListener@74ad1f1f]
392  [main] INFO  o.s.b.f.xml.XmlBeanDefinitionReader - Loading XML bean definitions from URL [file:src/main/webapp/WEB-INF/spring/datasource.xml]
518  [main] INFO  o.s.c.s.GenericApplicationContext - Refreshing org.springframework.context.support.GenericApplicationContext@10d59286: startup date [Thu Feb 28 23:21:37 KST 2019]; root of context hierarchy
742  [main] INFO  o.s.j.d.DriverManagerDataSource - Loaded JDBC driver: com.mysql.cj.jdbc.Driver
868  [main] DEBUG o.apache.ibatis.logging.LogFactory - Logging initialized using 'class org.apache.ibatis.logging.slf4j.Slf4jImpl' adapter.
953  [main] DEBUG o.m.spring.SqlSessionFactoryBean - Parsed configuration file: 'class path resource [mybatis-config.xml]'
1022 [main] DEBUG o.m.spring.SqlSessionFactoryBean - Parsed mapper file: 'class path resource [mappers/article-mapper.xml]'
1137 [Thread-1] INFO  o.s.c.s.GenericApplicationContext - Closing org.springframework.context.support.GenericApplicationContext@10d59286: startup date [Thu Feb 28 23:21:37 KST 2019]; root of context hierarchy
318  [main] INFO  o.s.t.c.s.DefaultTestContextBootstrapper - Loaded default TestExecutionListener class names from location [META-INF/spring.factories]: [org.springframework.test.context.web.ServletTestExecutionListener, org.springframework.test.context.support.DirtiesContextBeforeModesTestExecutionListener, org.springframework.test.context.support.DependencyInjectionTestExecutionListener, org.springframework.test.context.support.DirtiesContextTestExecutionListener, org.springframework.test.context.transaction.TransactionalTestExecutionListener, org.springframework.test.context.jdbc.SqlScriptsTestExecutionListener]
336  [main] INFO  o.s.t.c.s.DefaultTestContextBootstrapper - Using TestExecutionListeners: [org.springframework.test.context.web.ServletTestExecutionListener@eafc191, org.springframework.test.context.support.DirtiesContextBeforeModesTestExecutionListener@612fc6eb, org.springframework.test.context.support.DependencyInjectionTestExecutionListener@1060b431, org.springframework.test.context.support.DirtiesContextTestExecutionListener@612679d6, org.springframework.test.context.transaction.TransactionalTestExecutionListener@11758f2a, org.springframework.test.context.jdbc.SqlScriptsTestExecutionListener@e720b71]
404  [main] INFO  o.s.b.f.xml.XmlBeanDefinitionReader - Loading XML bean definitions from URL [file:src/main/webapp/WEB-INF/spring/datasource.xml]
532  [main] INFO  o.s.b.f.xml.XmlBeanDefinitionReader - Loading XML bean definitions from URL [file:src/main/webapp/WEB-INF/spring/root-context.xml]
651  [main] INFO  o.s.c.s.GenericApplicationContext - Refreshing org.springframework.context.support.GenericApplicationContext@17211155: startup date [Thu Feb 28 23:21:46 KST 2019]; root of context hierarchy
966  [main] INFO  o.s.j.d.DriverManagerDataSource - Loaded JDBC driver: com.mysql.cj.jdbc.Driver
1096 [main] DEBUG o.apache.ibatis.logging.LogFactory - Logging initialized using 'class org.apache.ibatis.logging.slf4j.Slf4jImpl' adapter.
1193 [main] DEBUG o.m.spring.SqlSessionFactoryBean - Parsed configuration file: 'class path resource [mybatis-config.xml]'
1253 [main] DEBUG o.m.spring.SqlSessionFactoryBean - Parsed mapper file: 'class path resource [mappers/article-mapper.xml]'
1584 [main] DEBUG org.mybatis.spring.SqlSessionUtils - Creating a new SqlSession
1589 [main] DEBUG org.mybatis.spring.SqlSessionUtils - SqlSession [org.apache.ibatis.session.defaults.DefaultSqlSession@66746f57] was not registered for synchronization because synchronization is not active
2109 [main] DEBUG o.m.s.t.SpringManagedTransaction - JDBC Connection [com.mysql.cj.jdbc.ConnectionImpl@d78795] will not be managed by Spring
2114 [main] DEBUG m.article-mapper.selectArticleById - ==>  Preparing: select article_id as articleId, author, title, content from article where article_id = ? 
2138 [main] DEBUG m.article-mapper.selectArticleById - ==> Parameters: 2(String)
2160 [main] DEBUG m.article-mapper.selectArticleById - <==      Total: 1
2162 [main] DEBUG org.mybatis.spring.SqlSessionUtils - Closing non transactional SqlSession [org.apache.ibatis.session.defaults.DefaultSqlSession@66746f57]
2168 [Thread-1] INFO  o.s.c.s.GenericApplicationContext - Closing org.springframework.context.support.GenericApplicationContext@17211155: startup date [Thu Feb 28 23:21:46 KST 2019]; root of context hierarchy
371  [main] INFO  o.s.t.c.s.DefaultTestContextBootstrapper - Loaded default TestExecutionListener class names from location [META-INF/spring.factories]: [org.springframework.test.context.web.ServletTestExecutionListener, org.springframework.test.context.support.DirtiesContextBeforeModesTestExecutionListener, org.springframework.test.context.support.DependencyInjectionTestExecutionListener, org.springframework.test.context.support.DirtiesContextTestExecutionListener, org.springframework.test.context.transaction.TransactionalTestExecutionListener, org.springframework.test.context.jdbc.SqlScriptsTestExecutionListener]
392  [main] INFO  o.s.t.c.s.DefaultTestContextBootstrapper - Using TestExecutionListeners: [org.springframework.test.context.web.ServletTestExecutionListener@eafc191, org.springframework.test.context.support.DirtiesContextBeforeModesTestExecutionListener@612fc6eb, org.springframework.test.context.support.DependencyInjectionTestExecutionListener@1060b431, org.springframework.test.context.support.DirtiesContextTestExecutionListener@612679d6, org.springframework.test.context.transaction.TransactionalTestExecutionListener@11758f2a, org.springframework.test.context.jdbc.SqlScriptsTestExecutionListener@e720b71]
468  [main] INFO  o.s.b.f.xml.XmlBeanDefinitionReader - Loading XML bean definitions from URL [file:src/main/webapp/WEB-INF/spring/datasource.xml]
591  [main] INFO  o.s.b.f.xml.XmlBeanDefinitionReader - Loading XML bean definitions from URL [file:src/main/webapp/WEB-INF/spring/root-context.xml]
722  [main] INFO  o.s.c.s.GenericApplicationContext - Refreshing org.springframework.context.support.GenericApplicationContext@17211155: startup date [Thu Feb 28 23:22:13 KST 2019]; root of context hierarchy
1033 [main] INFO  o.s.j.d.DriverManagerDataSource - Loaded JDBC driver: com.mysql.cj.jdbc.Driver
1168 [main] DEBUG o.apache.ibatis.logging.LogFactory - Logging initialized using 'class org.apache.ibatis.logging.slf4j.Slf4jImpl' adapter.
1276 [main] DEBUG o.m.spring.SqlSessionFactoryBean - Parsed configuration file: 'class path resource [mybatis-config.xml]'
1341 [main] DEBUG o.m.spring.SqlSessionFactoryBean - Parsed mapper file: 'class path resource [mappers/article-mapper.xml]'
1690 [main] DEBUG org.mybatis.spring.SqlSessionUtils - Creating a new SqlSession
1696 [main] DEBUG org.mybatis.spring.SqlSessionUtils - SqlSession [org.apache.ibatis.session.defaults.DefaultSqlSession@66746f57] was not registered for synchronization because synchronization is not active
2244 [main] DEBUG o.m.s.t.SpringManagedTransaction - JDBC Connection [com.mysql.cj.jdbc.ConnectionImpl@d78795] will not be managed by Spring
2247 [main] DEBUG m.article-mapper.selectArticleById - ==>  Preparing: select article_id as articleId, author, title, content from article where article_id = ? 
2271 [main] DEBUG m.article-mapper.selectArticleById - ==> Parameters: 2(String)
2292 [main] DEBUG m.article-mapper.selectArticleById - <==      Total: 1
2294 [main] DEBUG org.mybatis.spring.SqlSessionUtils - Closing non transactional SqlSession [org.apache.ibatis.session.defaults.DefaultSqlSession@66746f57]
2301 [Thread-1] INFO  o.s.c.s.GenericApplicationContext - Closing org.springframework.context.support.GenericApplicationContext@17211155: startup date [Thu Feb 28 23:22:13 KST 2019]; root of context hierarchy
322  [main] INFO  o.s.t.c.s.DefaultTestContextBootstrapper - Loaded default TestExecutionListener class names from location [META-INF/spring.factories]: [org.springframework.test.context.web.ServletTestExecutionListener, org.springframework.test.context.support.DirtiesContextBeforeModesTestExecutionListener, org.springframework.test.context.support.DependencyInjectionTestExecutionListener, org.springframework.test.context.support.DirtiesContextTestExecutionListener, org.springframework.test.context.transaction.TransactionalTestExecutionListener, org.springframework.test.context.jdbc.SqlScriptsTestExecutionListener]
340  [main] INFO  o.s.t.c.s.DefaultTestContextBootstrapper - Using TestExecutionListeners: [org.springframework.test.context.web.ServletTestExecutionListener@eafc191, org.springframework.test.context.support.DirtiesContextBeforeModesTestExecutionListener@612fc6eb, org.springframework.test.context.support.DependencyInjectionTestExecutionListener@1060b431, org.springframework.test.context.support.DirtiesContextTestExecutionListener@612679d6, org.springframework.test.context.transaction.TransactionalTestExecutionListener@11758f2a, org.springframework.test.context.jdbc.SqlScriptsTestExecutionListener@e720b71]
410  [main] INFO  o.s.b.f.xml.XmlBeanDefinitionReader - Loading XML bean definitions from URL [file:src/main/webapp/WEB-INF/spring/datasource.xml]
526  [main] INFO  o.s.b.f.xml.XmlBeanDefinitionReader - Loading XML bean definitions from URL [file:src/main/webapp/WEB-INF/spring/root-context.xml]
643  [main] INFO  o.s.c.s.GenericApplicationContext - Refreshing org.springframework.context.support.GenericApplicationContext@17211155: startup date [Thu Feb 28 23:23:18 KST 2019]; root of context hierarchy
921  [main] INFO  o.s.j.d.DriverManagerDataSource - Loaded JDBC driver: com.mysql.cj.jdbc.Driver
1051 [main] DEBUG o.apache.ibatis.logging.LogFactory - Logging initialized using 'class org.apache.ibatis.logging.slf4j.Slf4jImpl' adapter.
1149 [main] DEBUG o.m.spring.SqlSessionFactoryBean - Parsed configuration file: 'class path resource [mybatis-config.xml]'
1215 [main] DEBUG o.m.spring.SqlSessionFactoryBean - Parsed mapper file: 'class path resource [mappers/article-mapper.xml]'
1528 [main] DEBUG org.mybatis.spring.SqlSessionUtils - Creating a new SqlSession
1533 [main] DEBUG org.mybatis.spring.SqlSessionUtils - SqlSession [org.apache.ibatis.session.defaults.DefaultSqlSession@66746f57] was not registered for synchronization because synchronization is not active
2082 [main] DEBUG o.m.s.t.SpringManagedTransaction - JDBC Connection [com.mysql.cj.jdbc.ConnectionImpl@d78795] will not be managed by Spring
2086 [main] DEBUG m.article-mapper.selectArticleById - ==>  Preparing: select article_id as articleId, author, title, content from article where article_id = ? 
2112 [main] DEBUG m.article-mapper.selectArticleById - ==> Parameters: 2(String)
2135 [main] DEBUG m.article-mapper.selectArticleById - <==      Total: 1
2137 [main] DEBUG org.mybatis.spring.SqlSessionUtils - Closing non transactional SqlSession [org.apache.ibatis.session.defaults.DefaultSqlSession@66746f57]
2144 [Thread-1] INFO  o.s.c.s.GenericApplicationContext - Closing org.springframework.context.support.GenericApplicationContext@17211155: startup date [Thu Feb 28 23:23:18 KST 2019]; root of context hierarchy
